<?xml version="1.0" encoding="UTF-8"?>
<testng-results skipped="0" failed="0" ignored="0" total="1" passed="1">
  <reporter-output>
  </reporter-output>
  <suite name="Default suite" duration-ms="39211" started-at="2018-07-25T17:59:20Z" finished-at="2018-07-25T17:59:59Z">
    <groups>
    </groups>
    <test name="Default test" duration-ms="39211" started-at="2018-07-25T17:59:20Z" finished-at="2018-07-25T17:59:59Z">
      <class name="combinResult">
        <test-method status="PASS" signature="amazonWeb()[pri:0, instance:combinResult@32d2fa64]" name="amazonWeb" duration-ms="26482" started-at="2018-07-25T17:59:20Z" finished-at="2018-07-25T17:59:46Z">
          <reporter-output>
          </reporter-output>
        </test-method> <!-- amazonWeb -->
        <test-method status="PASS" signature="ebayWeb()[pri:0, instance:combinResult@32d2fa64]" name="ebayWeb" is-config="true" duration-ms="12698" started-at="2018-07-25T17:59:46Z" finished-at="2018-07-25T17:59:59Z">
          <reporter-output>
          </reporter-output>
        </test-method> <!-- ebayWeb -->
      </class> <!-- combinResult -->
    </test> <!-- Default test -->
  </suite> <!-- Default suite -->
</testng-results>
